Determining if the pthread_create exist failed with the following output:
Change Dir: /home/harish/ATLAS/build/CMakeFiles/CMakeTmp

Run Build Command:/usr/bin/make "cmTryCompileExec3913582948/fast"
/usr/bin/make -f CMakeFiles/cmTryCompileExec3913582948.dir/build.make CMakeFiles/cmTryCompileExec3913582948.dir/build
make[1]: Entering directory `/home/harish/ATLAS/build/CMakeFiles/CMakeTmp'
/usr/bin/cmake -E cmake_progress_report /home/harish/ATLAS/build/CMakeFiles/CMakeTmp/CMakeFiles 1
Building C object CMakeFiles/cmTryCompileExec3913582948.dir/CheckSymbolExists.c.o
/usr/bin/cc    -o CMakeFiles/cmTryCompileExec3913582948.dir/CheckSymbolExists.c.o   -c /home/harish/ATLAS/build/CMakeFiles/CMakeTmp/CheckSymbolExists.c
Linking C executable cmTryCompileExec3913582948
/usr/bin/cmake -E cmake_link_script CMakeFiles/cmTryCompileExec3913582948.dir/link.txt --verbose=1
/usr/bin/cc       CMakeFiles/cmTryCompileExec3913582948.dir/CheckSymbolExists.c.o  -o cmTryCompileExec3913582948 -rdynamic 
CMakeFiles/cmTryCompileExec3913582948.dir/CheckSymbolExists.c.o: In function `main':
CheckSymbolExists.c:(.text+0x16): undefined reference to `pthread_create'
collect2: error: ld returned 1 exit status
make[1]: Leaving directory `/home/harish/ATLAS/build/CMakeFiles/CMakeTmp'
make[1]: *** [cmTryCompileExec3913582948] Error 1
make: *** [cmTryCompileExec3913582948/fast] Error 2

File /home/harish/ATLAS/build/CMakeFiles/CMakeTmp/CheckSymbolExists.c:
/* */
#include <pthread.h>

int main(int argc, char** argv)
{
  (void)argv;
#ifndef pthread_create
  return ((int*)(&pthread_create))[argc];
#else
  (void)argc;
  return 0;
#endif
}

Determining if the function pthread_create exists in the pthreads failed with the following output:
Change Dir: /home/harish/ATLAS/build/CMakeFiles/CMakeTmp

Run Build Command:/usr/bin/make "cmTryCompileExec3295170315/fast"
/usr/bin/make -f CMakeFiles/cmTryCompileExec3295170315.dir/build.make CMakeFiles/cmTryCompileExec3295170315.dir/build
make[1]: Entering directory `/home/harish/ATLAS/build/CMakeFiles/CMakeTmp'
/usr/bin/cmake -E cmake_progress_report /home/harish/ATLAS/build/CMakeFiles/CMakeTmp/CMakeFiles 1
Building C object CMakeFiles/cmTryCompileExec3295170315.dir/CheckFunctionExists.c.o
/usr/bin/cc   -DCHECK_FUNCTION_EXISTS=pthread_create   -o CMakeFiles/cmTryCompileExec3295170315.dir/CheckFunctionExists.c.o   -c /usr/share/cmake-2.8/Modules/CheckFunctionExists.c
Linking C executable cmTryCompileExec3295170315
/usr/bin/cmake -E cmake_link_script CMakeFiles/cmTryCompileExec3295170315.dir/link.txt --verbose=1
/usr/bin/cc   -DCHECK_FUNCTION_EXISTS=pthread_create    CMakeFiles/cmTryCompileExec3295170315.dir/CheckFunctionExists.c.o  -o cmTryCompileExec3295170315 -rdynamic -lpthreads 
/usr/bin/ld: cannot find -lpthreads
collect2: error: ld returned 1 exit status
make[1]: Leaving directory `/home/harish/ATLAS/build/CMakeFiles/CMakeTmp'
make[1]: *** [cmTryCompileExec3295170315] Error 1
make: *** [cmTryCompileExec3295170315/fast] Error 2


